[14:00:50] [ServerMain/INFO]: [bootstrap] Running Java 21 (OpenJDK 64-Bit Server VM 21.0.9+10-Ubuntu-124.04; Ubuntu null) on Linux 6.8.0-1030-azure (amd64)
[14:00:50] [ServerMain/INFO]: [bootstrap] Loading Paper 1.21.10-129-ver/1.21.10@3e25649 (2025-12-19T23:34:30Z) for Minecraft 1.21.10
[14:00:50] [ServerMain/INFO]: [PluginInitializerManager] Initializing plugins...
[14:00:50] [ServerMain/INFO]: [PluginInitializerManager] Initialized 0 plugins
[14:00:51] [Paper Plugin Remapper Thread - 0/INFO]: [ReobfServer] Remapping server...
[14:00:58] [ServerMain/INFO]: Environment: Environment[sessionHost=https://sessionserver.mojang.com, servicesHost=https://api.minecraftservices.com, profilesHost=https://api.mojang.com, name=PROD]
[14:00:59] [Paper Plugin Remapper Thread - 0/INFO]: [ReobfServer] Done remapping server in 8280ms.
[14:01:00] [ServerMain/INFO]: Loaded 1461 recipes
[14:01:00] [ServerMain/INFO]: Loaded 1574 advancements
[14:01:01] [ServerMain/INFO]: [ca.spottedleaf.dataconverter.minecraft.datatypes.MCTypeRegistry] Initialising converters for DataConverter...
[14:01:01] [ServerMain/INFO]: [ca.spottedleaf.dataconverter.minecraft.datatypes.MCTypeRegistry] Finished initialising converters for DataConverter in 482.8ms
[14:01:01] [Server thread/INFO]: Starting minecraft server version 1.21.10
[14:01:01] [Server thread/INFO]: Loading properties
[14:01:01] [Server thread/INFO]: This server is running Paper version 1.21.10-129-ver/1.21.10@3e25649 (2025-12-19T23:34:30Z) (Implementing API version 1.21.10-R0.1-SNAPSHOT)
[14:01:01] [Server thread/INFO]: [spark] This server bundles the spark profiler. For more information please visit https://docs.papermc.io/paper/profiling
[14:01:01] [Server thread/INFO]: Using 4 threads for Netty based IO
[14:01:01] [Server thread/INFO]: Server Ping Player Sample Count: 12
[14:01:02] [Server thread/INFO]: [MoonriseCommon] Paper is using 1 worker threads, 1 I/O threads
[14:01:03] [Server thread/INFO]: Default game type: SURVIVAL
[14:01:03] [Server thread/INFO]: Generating keypair
[14:01:03] [Server thread/INFO]: Starting Minecraft server on *:25565
[14:01:03] [Server thread/INFO]: Using epoll channel type
[14:01:03] [Server thread/INFO]: Paper: Using libdeflate (Linux x86_64) compression from Velocity.
[14:01:03] [Server thread/INFO]: Paper: Using OpenSSL 3.x.x (Linux x86_64) cipher from Velocity.
[14:01:03] [Server thread/INFO]: Server permissions file permissions.yml is empty, ignoring it
[14:01:03] [Server thread/WARN]: **** SERVER IS RUNNING IN OFFLINE/INSECURE MODE!
[14:01:03] [Server thread/WARN]: The server will make no attempt to authenticate usernames. Beware.
[14:01:03] [Server thread/WARN]: While this makes the game possible to play without internet access, it also opens up the ability for hackers to connect with any username they choose.
[14:01:03] [Server thread/WARN]: To change this, set "online-mode" to "true" in the server.properties file.
[14:01:03] [Server thread/INFO]: Preparing level "world"
[14:01:05] [Server thread/INFO]: Loading 0 persistent chunks for world 'minecraft:overworld'...
[14:01:05] [Server thread/INFO]: Preparing spawn area: 100%
[14:01:05] [Server thread/INFO]: Prepared spawn area in 1 ms
[14:01:05] [Server thread/INFO]: Loading 0 persistent chunks for world 'minecraft:the_nether'...
[14:01:05] [Server thread/INFO]: Prepared spawn area in 2 ms
[14:01:05] [Server thread/INFO]: Loading 0 persistent chunks for world 'minecraft:the_end'...
[14:01:05] [Server thread/INFO]: Prepared spawn area in 3 ms
[14:01:05] [Server thread/INFO]: Done preparing level "world" (1.781s)
[14:01:05] [Server thread/INFO]: [spark] Starting background profiler...
[14:01:05] [Server thread/INFO]: Running delayed init tasks
[14:01:05] [Server thread/INFO]: Done (16.283s)! For help, type "help"
[14:03:07] [User Authenticator #0/INFO]: UUID of player iamthe_benja is 1ae080f6-fd0a-3c1d-9dbe-705a6283aed2
[14:03:09] [Server thread/INFO]: iamthe_benja joined the game
[14:03:10] [Server thread/INFO]: iamthe_benja[/100.116.254.10:56439] logged in with entity id 11 at ([world]6.5, 70.0, 1.5)
[14:03:27] [Server thread/INFO]: iamthe_benja lost connection: Disconnected
[14:03:27] [Server thread/INFO]: iamthe_benja left the game
[14:06:15] [Server thread/INFO]: Stopping the server
[14:06:15] [Server thread/INFO]: Stopping server
[14:06:15] [Server thread/INFO]: Saving players
[14:06:15] [Server thread/INFO]: Saving worlds
[14:06:15] [Server thread/INFO]: Saving chunks for level 'ServerLevel[world]'/minecraft:overworld
[14:06:15] [Server thread/INFO]: [ChunkHolderManager] Waiting 60s for chunk system to halt for world 'world'
[14:06:15] [Server thread/INFO]: [ChunkHolderManager] Halted chunk system for world 'world'
[14:06:15] [Server thread/INFO]: [ChunkHolderManager] Saving all chunkholders for world 'world'
[14:06:15] [Server thread/INFO]: [ChunkHolderManager] Saved 0 block chunks, 0 entity chunks, 0 poi chunks in world 'world' in 0.00s
[14:06:15] [Server thread/INFO]: [ChunkHolderManager] Waiting 60s for chunk I/O to halt for world 'world'
[14:06:15] [Server thread/INFO]: [ChunkHolderManager] Halted I/O scheduler for world 'world'
[14:06:15] [Server thread/INFO]: Saving chunks for level 'ServerLevel[world_nether]'/minecraft:the_nether
[14:06:15] [Server thread/INFO]: [ChunkHolderManager] Waiting 60s for chunk system to halt for world 'world_nether'
[14:06:15] [Server thread/INFO]: [ChunkHolderManager] Halted chunk system for world 'world_nether'
[14:06:15] [Server thread/INFO]: [ChunkHolderManager] Saving all chunkholders for world 'world_nether'
[14:06:15] [Server thread/INFO]: [ChunkHolderManager] Saved 0 block chunks, 0 entity chunks, 0 poi chunks in world 'world_nether' in 0.00s
[14:06:15] [Server thread/INFO]: [ChunkHolderManager] Waiting 60s for chunk I/O to halt for world 'world_nether'
[14:06:15] [Server thread/INFO]: [ChunkHolderManager] Halted I/O scheduler for world 'world_nether'
[14:06:15] [Server thread/INFO]: Saving chunks for level 'ServerLevel[world_the_end]'/minecraft:the_end
[14:06:15] [Server thread/INFO]: [ChunkHolderManager] Waiting 60s for chunk system to halt for world 'world_the_end'
[14:06:15] [Server thread/INFO]: [ChunkHolderManager] Halted chunk system for world 'world_the_end'
[14:06:15] [Server thread/INFO]: [ChunkHolderManager] Saving all chunkholders for world 'world_the_end'
[14:06:15] [Server thread/INFO]: [ChunkHolderManager] Saved 0 block chunks, 0 entity chunks, 0 poi chunks in world 'world_the_end' in 0.00s
[14:06:15] [Server thread/INFO]: [ChunkHolderManager] Waiting 60s for chunk I/O to halt for world 'world_the_end'
[14:06:15] [Server thread/INFO]: [ChunkHolderManager] Halted I/O scheduler for world 'world_the_end'
[14:06:15] [Server thread/INFO]: ThreadedAnvilChunkStorage (world): All chunks are saved
[14:06:15] [Server thread/INFO]: ThreadedAnvilChunkStorage (DIM-1): All chunks are saved
[14:06:15] [Server thread/INFO]: ThreadedAnvilChunkStorage (DIM1): All chunks are saved
[14:06:15] [Server thread/INFO]: ThreadedAnvilChunkStorage: All dimensions are saved
[14:06:15] [Server thread/INFO]: Waiting for all RegionFile I/O tasks to complete...
[14:06:15] [Server thread/INFO]: All RegionFile I/O tasks to complete
[14:06:15] [Server thread/INFO]: [MoonriseCommon] Awaiting termination of worker pool for up to 60s...
[14:06:15] [Server thread/INFO]: [MoonriseCommon] Awaiting termination of I/O pool for up to 60s...
